[2022-09-04 14:09:43]  INFO DB connected...
[2022-09-04 14:09:43]  INFO gRPC server starting...
[2022-09-04 14:09:43]  INFO HTTP server 127.0.0.1:8080 starting...
[2022-09-04 14:09:58]  INFO HTTP server was stopped...
[2022-09-04 14:09:58]  INFO gRPC server stopping...
[2022-09-04 14:09:58]  INFO storage closing...
[2022-09-04 14:13:46]  INFO DB connected...
[2022-09-04 14:13:46]  INFO gRPC server starting...
[2022-09-04 14:13:46]  INFO HTTP server 127.0.0.1:8080 starting...
[2022-09-04 14:13:52]  INFO HTTP server was stopped...
[2022-09-04 14:13:52]  INFO gRPC server stopping...
[2022-09-04 14:13:52]  INFO storage closing...
[2022-09-10 15:50:33]  INFO DB connected...
[2022-09-10 15:50:33]  INFO gRPC server starting...
[2022-09-10 15:50:33]  INFO HTTP server 127.0.0.1:8080 starting...
[2022-09-10 15:50:36]  INFO HTTP server was stopped...
[2022-09-10 15:50:36]  INFO gRPC server stopping...
[2022-09-10 15:50:36]  INFO storage closing...
[2022-09-10 16:36:09]  INFO DB connected...
[2022-09-10 16:36:09]  INFO HTTP server 127.0.0.1:8080 starting...
[2022-09-10 16:36:09]  INFO gRPC server starting...
[2022-09-10 16:36:18]  INFO HTTP server was stopped...
[2022-09-10 16:36:18]  INFO gRPC server stopping...
[2022-09-10 16:36:18]  INFO storage closing...
